<?xml version="1.0" encoding="UTF-8"?>
<robot generator="Robot 5.0 (Python 3.9.7 on win32)" generated="20220408 20:09:17.465" rpa="false" schemaversion="3">
<suite id="s1" name="Book" source="C:\Users\yashi\PycharmProjects\BookManagement\Tests\BookManagement\FunctionalTestSuite\book.robot">
<test id="s1-t1" name="index page test case" line="7">
<kw name="Open Browser" library="SeleniumLibrary">
<arg>${url}</arg>
<arg>chrome</arg>
<doc>Opens a new browser instance to the optional ``url``.</doc>
<msg timestamp="20220408 20:09:17.639" level="INFO">Opening browser 'chrome' to base url 'http://127.0.0.1:5000/'.</msg>
<status status="PASS" starttime="20220408 20:09:17.639" endtime="20220408 20:09:19.370"/>
</kw>
<kw name="Maximize Browser Window" library="SeleniumLibrary">
<doc>Maximizes current browser window.</doc>
<status status="PASS" starttime="20220408 20:09:19.370" endtime="20220408 20:09:19.484"/>
</kw>
<kw name="Sleep" library="BuiltIn">
<arg>1s</arg>
<doc>Pauses the test executed for the given time.</doc>
<msg timestamp="20220408 20:09:20.496" level="INFO">Slept 1 second</msg>
<status status="PASS" starttime="20220408 20:09:19.485" endtime="20220408 20:09:20.496"/>
</kw>
<kw name="Click Element" library="SeleniumLibrary">
<arg>xpath=//html/body/nav/div/div/ul/li[2]/a</arg>
<doc>Click the element identified by ``locator``.</doc>
<msg timestamp="20220408 20:09:20.496" level="INFO">Clicking element 'xpath=//html/body/nav/div/div/ul/li[2]/a'.</msg>
<status status="PASS" starttime="20220408 20:09:20.496" endtime="20220408 20:09:20.561"/>
</kw>
<kw name="Sleep" library="BuiltIn">
<arg>2s</arg>
<doc>Pauses the test executed for the given time.</doc>
<msg timestamp="20220408 20:09:22.570" level="INFO">Slept 2 seconds</msg>
<status status="PASS" starttime="20220408 20:09:20.561" endtime="20220408 20:09:22.570"/>
</kw>
<kw name="Input Text" library="SeleniumLibrary">
<arg>name:name</arg>
<arg>${adminname}</arg>
<doc>Types the given ``text`` into the text field identified by ``locator``.</doc>
<msg timestamp="20220408 20:09:22.570" level="INFO">Typing text 'admin' into text field 'name:name'.</msg>
<status status="PASS" starttime="20220408 20:09:22.570" endtime="20220408 20:09:22.630"/>
</kw>
<kw name="Sleep" library="BuiltIn">
<arg>1s</arg>
<doc>Pauses the test executed for the given time.</doc>
<msg timestamp="20220408 20:09:23.636" level="INFO">Slept 1 second</msg>
<status status="PASS" starttime="20220408 20:09:22.630" endtime="20220408 20:09:23.636"/>
</kw>
<kw name="Input Text" library="SeleniumLibrary">
<arg>name:pass</arg>
<arg>${adminpass}</arg>
<doc>Types the given ``text`` into the text field identified by ``locator``.</doc>
<msg timestamp="20220408 20:09:23.637" level="INFO">Typing text '9875' into text field 'name:pass'.</msg>
<status status="PASS" starttime="20220408 20:09:23.636" endtime="20220408 20:09:23.692"/>
</kw>
<kw name="Sleep" library="BuiltIn">
<arg>1s</arg>
<doc>Pauses the test executed for the given time.</doc>
<msg timestamp="20220408 20:09:24.702" level="INFO">Slept 1 second</msg>
<status status="PASS" starttime="20220408 20:09:23.693" endtime="20220408 20:09:24.702"/>
</kw>
<kw name="Click Button" library="SeleniumLibrary">
<arg>xpath=//html/body/div/div/div/form/table/tbody/tr[3]/td[2]/button</arg>
<doc>Clicks the button identified by ``locator``.</doc>
<msg timestamp="20220408 20:09:24.703" level="INFO">Clicking button 'xpath=//html/body/div/div/div/form/table/tbody/tr[3]/td[2]/button'.</msg>
<status status="PASS" starttime="20220408 20:09:24.702" endtime="20220408 20:09:24.822"/>
</kw>
<doc>Index Page</doc>
<tag>admin</tag>
<status status="PASS" starttime="20220408 20:09:17.638" endtime="20220408 20:09:24.823"/>
</test>
<test id="s1-t2" name="add page test case" line="22">
<kw name="Switch Window" library="SeleniumLibrary">
<arg>title:Book Management System</arg>
<doc>Switches to browser window matching ``locator``.</doc>
<status status="PASS" starttime="20220408 20:09:24.824" endtime="20220408 20:09:24.842"/>
</kw>
<kw name="Sleep" library="BuiltIn">
<arg>1s</arg>
<doc>Pauses the test executed for the given time.</doc>
<msg timestamp="20220408 20:09:25.853" level="INFO">Slept 1 second</msg>
<status status="PASS" starttime="20220408 20:09:24.842" endtime="20220408 20:09:25.853"/>
</kw>
<kw name="Input Text" library="SeleniumLibrary">
<arg>name:name</arg>
<arg>${bookname}</arg>
<doc>Types the given ``text`` into the text field identified by ``locator``.</doc>
<msg timestamp="20220408 20:09:25.856" level="INFO">Typing text 'xyz' into text field 'name:name'.</msg>
<status status="PASS" starttime="20220408 20:09:25.855" endtime="20220408 20:09:25.922"/>
</kw>
<kw name="Sleep" library="BuiltIn">
<arg>1s</arg>
<doc>Pauses the test executed for the given time.</doc>
<msg timestamp="20220408 20:09:26.925" level="INFO">Slept 1 second</msg>
<status status="PASS" starttime="20220408 20:09:25.922" endtime="20220408 20:09:26.925"/>
</kw>
<kw name="Input Text" library="SeleniumLibrary">
<arg>name:author</arg>
<arg>${author}</arg>
<doc>Types the given ``text`` into the text field identified by ``locator``.</doc>
<msg timestamp="20220408 20:09:26.927" level="INFO">Typing text 'abc' into text field 'name:author'.</msg>
<status status="PASS" starttime="20220408 20:09:26.926" endtime="20220408 20:09:27.015"/>
</kw>
<kw name="Sleep" library="BuiltIn">
<arg>1s</arg>
<doc>Pauses the test executed for the given time.</doc>
<msg timestamp="20220408 20:09:28.018" level="INFO">Slept 1 second</msg>
<status status="PASS" starttime="20220408 20:09:27.016" endtime="20220408 20:09:28.018"/>
</kw>
<kw name="Input Text" library="SeleniumLibrary">
<arg>name:category</arg>
<arg>${category}</arg>
<doc>Types the given ``text`` into the text field identified by ``locator``.</doc>
<msg timestamp="20220408 20:09:28.019" level="INFO">Typing text 'Adventure' into text field 'name:category'.</msg>
<status status="PASS" starttime="20220408 20:09:28.018" endtime="20220408 20:09:28.084"/>
</kw>
<kw name="Sleep" library="BuiltIn">
<arg>1s</arg>
<doc>Pauses the test executed for the given time.</doc>
<msg timestamp="20220408 20:09:29.089" level="INFO">Slept 1 second</msg>
<status status="PASS" starttime="20220408 20:09:28.084" endtime="20220408 20:09:29.089"/>
</kw>
<kw name="Input Text" library="SeleniumLibrary">
<arg>name:price</arg>
<arg>${price}</arg>
<doc>Types the given ``text`` into the text field identified by ``locator``.</doc>
<msg timestamp="20220408 20:09:29.089" level="INFO">Typing text '300' into text field 'name:price'.</msg>
<status status="PASS" starttime="20220408 20:09:29.089" endtime="20220408 20:09:29.157"/>
</kw>
<kw name="Sleep" library="BuiltIn">
<arg>1s</arg>
<doc>Pauses the test executed for the given time.</doc>
<msg timestamp="20220408 20:09:30.159" level="INFO">Slept 1 second</msg>
<status status="PASS" starttime="20220408 20:09:29.157" endtime="20220408 20:09:30.159"/>
</kw>
<kw name="Input Text" library="SeleniumLibrary">
<arg>name:publisher</arg>
<arg>${publisher}</arg>
<doc>Types the given ``text`` into the text field identified by ``locator``.</doc>
<msg timestamp="20220408 20:09:30.162" level="INFO">Typing text 'def' into text field 'name:publisher'.</msg>
<status status="PASS" starttime="20220408 20:09:30.161" endtime="20220408 20:09:30.251"/>
</kw>
<kw name="Sleep" library="BuiltIn">
<arg>1s</arg>
<doc>Pauses the test executed for the given time.</doc>
<msg timestamp="20220408 20:09:31.268" level="INFO">Slept 1 second</msg>
<status status="PASS" starttime="20220408 20:09:30.251" endtime="20220408 20:09:31.268"/>
</kw>
<kw name="Click Element" library="SeleniumLibrary">
<arg>xpath=//html/body/div/div/form/table/tbody/tr[6]/td[2]/button</arg>
<doc>Click the element identified by ``locator``.</doc>
<msg timestamp="20220408 20:09:31.271" level="INFO">Clicking element 'xpath=//html/body/div/div/form/table/tbody/tr[6]/td[2]/button'.</msg>
<status status="PASS" starttime="20220408 20:09:31.270" endtime="20220408 20:09:31.474"/>
</kw>
<kw name="Sleep" library="BuiltIn">
<arg>3s</arg>
<doc>Pauses the test executed for the given time.</doc>
<msg timestamp="20220408 20:09:34.485" level="INFO">Slept 3 seconds</msg>
<status status="PASS" starttime="20220408 20:09:31.474" endtime="20220408 20:09:34.485"/>
</kw>
<doc>Add</doc>
<tag>admin</tag>
<status status="PASS" starttime="20220408 20:09:24.824" endtime="20220408 20:09:34.486"/>
</test>
<test id="s1-t3" name="search test case" line="41">
<kw name="Click Element" library="SeleniumLibrary">
<arg>xpath=//html/body/nav/div/div/ul/li[2]/a</arg>
<doc>Click the element identified by ``locator``.</doc>
<msg timestamp="20220408 20:09:34.488" level="INFO">Clicking element 'xpath=//html/body/nav/div/div/ul/li[2]/a'.</msg>
<status status="PASS" starttime="20220408 20:09:34.488" endtime="20220408 20:09:34.535"/>
</kw>
<kw name="Input Text" library="SeleniumLibrary">
<arg>name:name</arg>
<arg>${bookname}</arg>
<doc>Types the given ``text`` into the text field identified by ``locator``.</doc>
<msg timestamp="20220408 20:09:34.539" level="INFO">Typing text 'xyz' into text field 'name:name'.</msg>
<status status="PASS" starttime="20220408 20:09:34.537" endtime="20220408 20:09:34.599"/>
</kw>
<kw name="Sleep" library="BuiltIn">
<arg>1s</arg>
<doc>Pauses the test executed for the given time.</doc>
<msg timestamp="20220408 20:09:35.605" level="INFO">Slept 1 second</msg>
<status status="PASS" starttime="20220408 20:09:34.599" endtime="20220408 20:09:35.605"/>
</kw>
<kw name="Click Button" library="SeleniumLibrary">
<arg>xpath=//html/body/div[1]/div/form/table/tbody/tr[2]/td[2]/button</arg>
<doc>Clicks the button identified by ``locator``.</doc>
<msg timestamp="20220408 20:09:35.606" level="INFO">Clicking button 'xpath=//html/body/div[1]/div/form/table/tbody/tr[2]/td[2]/button'.</msg>
<status status="PASS" starttime="20220408 20:09:35.606" endtime="20220408 20:09:35.677"/>
</kw>
<kw name="Sleep" library="BuiltIn">
<arg>3s</arg>
<doc>Pauses the test executed for the given time.</doc>
<msg timestamp="20220408 20:09:38.691" level="INFO">Slept 3 seconds</msg>
<status status="PASS" starttime="20220408 20:09:35.677" endtime="20220408 20:09:38.691"/>
</kw>
<doc>search</doc>
<tag>admin</tag>
<status status="PASS" starttime="20220408 20:09:34.487" endtime="20220408 20:09:38.692"/>
</test>
<test id="s1-t4" name="update test case" line="51">
<kw name="Click Element" library="SeleniumLibrary">
<arg>xpath=//html/body/nav/div/div/ul/li[5]/a</arg>
<doc>Click the element identified by ``locator``.</doc>
<msg timestamp="20220408 20:09:38.693" level="INFO">Clicking element 'xpath=//html/body/nav/div/div/ul/li[5]/a'.</msg>
<status status="PASS" starttime="20220408 20:09:38.693" endtime="20220408 20:09:38.751"/>
</kw>
<kw name="Input Text" library="SeleniumLibrary">
<arg>name:name</arg>
<arg>${bookname}</arg>
<doc>Types the given ``text`` into the text field identified by ``locator``.</doc>
<msg timestamp="20220408 20:09:38.752" level="INFO">Typing text 'xyz' into text field 'name:name'.</msg>
<status status="PASS" starttime="20220408 20:09:38.751" endtime="20220408 20:09:38.814"/>
</kw>
<kw name="Sleep" library="BuiltIn">
<arg>1s</arg>
<doc>Pauses the test executed for the given time.</doc>
<msg timestamp="20220408 20:09:39.827" level="INFO">Slept 1 second</msg>
<status status="PASS" starttime="20220408 20:09:38.814" endtime="20220408 20:09:39.828"/>
</kw>
<kw name="Click Button" library="SeleniumLibrary">
<arg>xpath=//html/body/div/div/form/table/tbody/tr[2]/td[2]/button</arg>
<doc>Clicks the button identified by ``locator``.</doc>
<msg timestamp="20220408 20:09:39.830" level="INFO">Clicking button 'xpath=//html/body/div/div/form/table/tbody/tr[2]/td[2]/button'.</msg>
<status status="PASS" starttime="20220408 20:09:39.829" endtime="20220408 20:09:39.917"/>
</kw>
<kw name="Switch Window" library="SeleniumLibrary">
<arg>title: Book Management System</arg>
<doc>Switches to browser window matching ``locator``.</doc>
<status status="PASS" starttime="20220408 20:09:39.917" endtime="20220408 20:09:39.931"/>
</kw>
<kw name="Input Text" library="SeleniumLibrary">
<arg>name:name</arg>
<arg>${bookname}</arg>
<doc>Types the given ``text`` into the text field identified by ``locator``.</doc>
<msg timestamp="20220408 20:09:39.932" level="INFO">Typing text 'xyz' into text field 'name:name'.</msg>
<status status="PASS" starttime="20220408 20:09:39.932" endtime="20220408 20:09:39.994"/>
</kw>
<kw name="Sleep" library="BuiltIn">
<arg>1s</arg>
<doc>Pauses the test executed for the given time.</doc>
<msg timestamp="20220408 20:09:40.997" level="INFO">Slept 1 second</msg>
<status status="PASS" starttime="20220408 20:09:39.995" endtime="20220408 20:09:40.997"/>
</kw>
<kw name="Input Text" library="SeleniumLibrary">
<arg>name:author</arg>
<arg>${updauthor_parameter}</arg>
<doc>Types the given ``text`` into the text field identified by ``locator``.</doc>
<msg timestamp="20220408 20:09:40.999" level="INFO">Typing text 'Hello' into text field 'name:author'.</msg>
<status status="PASS" starttime="20220408 20:09:40.998" endtime="20220408 20:09:41.064"/>
</kw>
<kw name="Sleep" library="BuiltIn">
<arg>1s</arg>
<doc>Pauses the test executed for the given time.</doc>
<msg timestamp="20220408 20:09:42.073" level="INFO">Slept 1 second</msg>
<status status="PASS" starttime="20220408 20:09:41.064" endtime="20220408 20:09:42.073"/>
</kw>
<kw name="Input Text" library="SeleniumLibrary">
<arg>name:category</arg>
<arg>${updcategory_parameter}</arg>
<doc>Types the given ``text`` into the text field identified by ``locator``.</doc>
<msg timestamp="20220408 20:09:42.074" level="INFO">Typing text 'Adventure' into text field 'name:category'.</msg>
<status status="PASS" starttime="20220408 20:09:42.074" endtime="20220408 20:09:42.132"/>
</kw>
<kw name="Sleep" library="BuiltIn">
<arg>1s</arg>
<doc>Pauses the test executed for the given time.</doc>
<msg timestamp="20220408 20:09:43.147" level="INFO">Slept 1 second</msg>
<status status="PASS" starttime="20220408 20:09:42.133" endtime="20220408 20:09:43.147"/>
</kw>
<kw name="Input Text" library="SeleniumLibrary">
<arg>name:price</arg>
<arg>${updprice_parameter}</arg>
<doc>Types the given ``text`` into the text field identified by ``locator``.</doc>
<msg timestamp="20220408 20:09:43.150" level="INFO">Typing text '350' into text field 'name:price'.</msg>
<status status="PASS" starttime="20220408 20:09:43.149" endtime="20220408 20:09:43.238"/>
</kw>
<kw name="Sleep" library="BuiltIn">
<arg>1s</arg>
<doc>Pauses the test executed for the given time.</doc>
<msg timestamp="20220408 20:09:44.252" level="INFO">Slept 1 second</msg>
<status status="PASS" starttime="20220408 20:09:43.239" endtime="20220408 20:09:44.252"/>
</kw>
<kw name="Input Text" library="SeleniumLibrary">
<arg>name:publisher</arg>
<arg>${updpublisher_parameter}</arg>
<doc>Types the given ``text`` into the text field identified by ``locator``.</doc>
<msg timestamp="20220408 20:09:44.255" level="INFO">Typing text 'World' into text field 'name:publisher'.</msg>
<status status="PASS" starttime="20220408 20:09:44.254" endtime="20220408 20:09:44.350"/>
</kw>
<kw name="Sleep" library="BuiltIn">
<arg>1s</arg>
<doc>Pauses the test executed for the given time.</doc>
<msg timestamp="20220408 20:09:45.365" level="INFO">Slept 1 second</msg>
<status status="PASS" starttime="20220408 20:09:44.351" endtime="20220408 20:09:45.365"/>
</kw>
<kw name="Click Element" library="SeleniumLibrary">
<arg>xpath=//html/body/div/div/form/table/tbody/tr[6]/td[2]/button</arg>
<doc>Click the element identified by ``locator``.</doc>
<msg timestamp="20220408 20:09:45.368" level="INFO">Clicking element 'xpath=//html/body/div/div/form/table/tbody/tr[6]/td[2]/button'.</msg>
<status status="PASS" starttime="20220408 20:09:45.367" endtime="20220408 20:09:45.433"/>
</kw>
<kw name="Sleep" library="BuiltIn">
<arg>3s</arg>
<doc>Pauses the test executed for the given time.</doc>
<msg timestamp="20220408 20:09:48.448" level="INFO">Slept 3 seconds</msg>
<status status="PASS" starttime="20220408 20:09:45.433" endtime="20220408 20:09:48.448"/>
</kw>
<doc>update</doc>
<tag>admin</tag>
<status status="PASS" starttime="20220408 20:09:38.693" endtime="20220408 20:09:48.449"/>
</test>
<test id="s1-t5" name="delete test case" line="74">
<kw name="Click Element" library="SeleniumLibrary">
<arg>xpath=//html/body/nav/div/div/ul/li[3]/a</arg>
<doc>Click the element identified by ``locator``.</doc>
<msg timestamp="20220408 20:09:48.451" level="INFO">Clicking element 'xpath=//html/body/nav/div/div/ul/li[3]/a'.</msg>
<status status="PASS" starttime="20220408 20:09:48.451" endtime="20220408 20:09:48.506"/>
</kw>
<kw name="Input Text" library="SeleniumLibrary">
<arg>name:name</arg>
<arg>${bookname}</arg>
<doc>Types the given ``text`` into the text field identified by ``locator``.</doc>
<msg timestamp="20220408 20:09:48.507" level="INFO">Typing text 'xyz' into text field 'name:name'.</msg>
<status status="PASS" starttime="20220408 20:09:48.506" endtime="20220408 20:09:48.569"/>
</kw>
<kw name="Sleep" library="BuiltIn">
<arg>2s</arg>
<doc>Pauses the test executed for the given time.</doc>
<msg timestamp="20220408 20:09:50.575" level="INFO">Slept 2 seconds</msg>
<status status="PASS" starttime="20220408 20:09:48.569" endtime="20220408 20:09:50.575"/>
</kw>
<kw name="Click Button" library="SeleniumLibrary">
<arg>xpath=//html/body/div/div/form/table/tbody/tr[2]/td[2]/button</arg>
<doc>Clicks the button identified by ``locator``.</doc>
<msg timestamp="20220408 20:09:50.576" level="INFO">Clicking button 'xpath=//html/body/div/div/form/table/tbody/tr[2]/td[2]/button'.</msg>
<status status="PASS" starttime="20220408 20:09:50.576" endtime="20220408 20:09:50.653"/>
</kw>
<kw name="Sleep" library="BuiltIn">
<arg>3s</arg>
<doc>Pauses the test executed for the given time.</doc>
<msg timestamp="20220408 20:09:53.669" level="INFO">Slept 3 seconds</msg>
<status status="PASS" starttime="20220408 20:09:50.654" endtime="20220408 20:09:53.669"/>
</kw>
<doc>Delete</doc>
<tag>admin</tag>
<status status="PASS" starttime="20220408 20:09:48.450" endtime="20220408 20:09:53.671"/>
</test>
<test id="s1-t6" name="logout test case" line="84">
<kw name="Click Element" library="SeleniumLibrary">
<arg>xpath=//html/body/nav/div/div/ul/li[6]/a</arg>
<doc>Click the element identified by ``locator``.</doc>
<msg timestamp="20220408 20:09:53.677" level="INFO">Clicking element 'xpath=//html/body/nav/div/div/ul/li[6]/a'.</msg>
<status status="PASS" starttime="20220408 20:09:53.676" endtime="20220408 20:09:53.730"/>
</kw>
<kw name="Sleep" library="BuiltIn">
<arg>2s</arg>
<doc>Pauses the test executed for the given time.</doc>
<msg timestamp="20220408 20:09:55.741" level="INFO">Slept 2 seconds</msg>
<status status="PASS" starttime="20220408 20:09:53.730" endtime="20220408 20:09:55.741"/>
</kw>
<doc>Logout</doc>
<tag>admin</tag>
<status status="PASS" starttime="20220408 20:09:53.674" endtime="20220408 20:09:55.742"/>
</test>
<test id="s1-t7" name="user register test case" line="91">
<kw name="Click Element" library="SeleniumLibrary">
<arg>xpath=//html/body/nav/div/div/ul/li[1]/a</arg>
<doc>Click the element identified by ``locator``.</doc>
<msg timestamp="20220408 20:09:55.746" level="INFO">Clicking element 'xpath=//html/body/nav/div/div/ul/li[1]/a'.</msg>
<status status="PASS" starttime="20220408 20:09:55.745" endtime="20220408 20:09:55.810"/>
</kw>
<kw name="Sleep" library="BuiltIn">
<arg>1s</arg>
<doc>Pauses the test executed for the given time.</doc>
<msg timestamp="20220408 20:09:56.816" level="INFO">Slept 1 second</msg>
<status status="PASS" starttime="20220408 20:09:55.811" endtime="20220408 20:09:56.816"/>
</kw>
<kw name="Click Element" library="SeleniumLibrary">
<arg>xpath=//html/body/div/div/div/form/table/tbody/tr[4]/td[2]/button/a</arg>
<doc>Click the element identified by ``locator``.</doc>
<msg timestamp="20220408 20:09:56.817" level="INFO">Clicking element 'xpath=//html/body/div/div/div/form/table/tbody/tr[4]/td[2]/button/a'.</msg>
<status status="PASS" starttime="20220408 20:09:56.817" endtime="20220408 20:09:56.883"/>
</kw>
<kw name="Sleep" library="BuiltIn">
<arg>1s</arg>
<doc>Pauses the test executed for the given time.</doc>
<msg timestamp="20220408 20:09:57.892" level="INFO">Slept 1 second</msg>
<status status="PASS" starttime="20220408 20:09:56.883" endtime="20220408 20:09:57.892"/>
</kw>
<kw name="Input Text" library="SeleniumLibrary">
<arg>name:name</arg>
<arg>${username}</arg>
<doc>Types the given ``text`` into the text field identified by ``locator``.</doc>
<msg timestamp="20220408 20:09:57.895" level="INFO">Typing text 'Yash' into text field 'name:name'.</msg>
<status status="PASS" starttime="20220408 20:09:57.894" endtime="20220408 20:09:57.983"/>
</kw>
<kw name="Sleep" library="BuiltIn">
<arg>1s</arg>
<doc>Pauses the test executed for the given time.</doc>
<msg timestamp="20220408 20:09:58.985" level="INFO">Slept 1 second</msg>
<status status="PASS" starttime="20220408 20:09:57.984" endtime="20220408 20:09:58.985"/>
</kw>
<kw name="Input Text" library="SeleniumLibrary">
<arg>name:address</arg>
<arg>${useraddress}</arg>
<doc>Types the given ``text`` into the text field identified by ``locator``.</doc>
<msg timestamp="20220408 20:09:58.988" level="INFO">Typing text 'Pune' into text field 'name:address'.</msg>
<status status="PASS" starttime="20220408 20:09:58.987" endtime="20220408 20:09:59.068"/>
</kw>
<kw name="Sleep" library="BuiltIn">
<arg>1s</arg>
<doc>Pauses the test executed for the given time.</doc>
<msg timestamp="20220408 20:10:00.075" level="INFO">Slept 1 second</msg>
<status status="PASS" starttime="20220408 20:09:59.069" endtime="20220408 20:10:00.075"/>
</kw>
<kw name="Input Text" library="SeleniumLibrary">
<arg>name:email</arg>
<arg>${useremail}</arg>
<doc>Types the given ``text`` into the text field identified by ``locator``.</doc>
<msg timestamp="20220408 20:10:00.075" level="INFO">Typing text 'yash@gmail.com' into text field 'name:email'.</msg>
<status status="PASS" starttime="20220408 20:10:00.075" endtime="20220408 20:10:00.138"/>
</kw>
<kw name="Sleep" library="BuiltIn">
<arg>1s</arg>
<doc>Pauses the test executed for the given time.</doc>
<msg timestamp="20220408 20:10:01.151" level="INFO">Slept 1 second</msg>
<status status="PASS" starttime="20220408 20:10:00.139" endtime="20220408 20:10:01.152"/>
</kw>
<kw name="Input Text" library="SeleniumLibrary">
<arg>name:phone</arg>
<arg>${userphone}</arg>
<doc>Types the given ``text`` into the text field identified by ``locator``.</doc>
<msg timestamp="20220408 20:10:01.154" level="INFO">Typing text '7350965600' into text field 'name:phone'.</msg>
<status status="PASS" starttime="20220408 20:10:01.153" endtime="20220408 20:10:01.219"/>
</kw>
<kw name="Sleep" library="BuiltIn">
<arg>1s</arg>
<doc>Pauses the test executed for the given time.</doc>
<msg timestamp="20220408 20:10:02.221" level="INFO">Slept 1 second</msg>
<status status="PASS" starttime="20220408 20:10:01.219" endtime="20220408 20:10:02.221"/>
</kw>
<kw name="Input Text" library="SeleniumLibrary">
<arg>name:pass</arg>
<arg>${userpass}</arg>
<doc>Types the given ``text`` into the text field identified by ``locator``.</doc>
<msg timestamp="20220408 20:10:02.224" level="INFO">Typing text '123' into text field 'name:pass'.</msg>
<status status="PASS" starttime="20220408 20:10:02.223" endtime="20220408 20:10:02.310"/>
</kw>
<kw name="Sleep" library="BuiltIn">
<arg>1s</arg>
<doc>Pauses the test executed for the given time.</doc>
<msg timestamp="20220408 20:10:03.312" level="INFO">Slept 1 second</msg>
<status status="PASS" starttime="20220408 20:10:02.310" endtime="20220408 20:10:03.313"/>
</kw>
<kw name="Click Button" library="SeleniumLibrary">
<arg>xpath=//html/body/div/div/form/table/tbody/tr[6]/td[2]/button</arg>
<doc>Clicks the button identified by ``locator``.</doc>
<msg timestamp="20220408 20:10:03.317" level="INFO">Clicking button 'xpath=//html/body/div/div/form/table/tbody/tr[6]/td[2]/button'.</msg>
<status status="PASS" starttime="20220408 20:10:03.314" endtime="20220408 20:10:03.394"/>
</kw>
<kw name="Sleep" library="BuiltIn">
<arg>2s</arg>
<doc>Pauses the test executed for the given time.</doc>
<msg timestamp="20220408 20:10:05.400" level="INFO">Slept 2 seconds</msg>
<status status="PASS" starttime="20220408 20:10:03.394" endtime="20220408 20:10:05.400"/>
</kw>
<doc>user register</doc>
<tag>user</tag>
<status status="PASS" starttime="20220408 20:09:55.744" endtime="20220408 20:10:05.402"/>
</test>
<test id="s1-t8" name="user login test case" line="113">
<kw name="Input Text" library="SeleniumLibrary">
<arg>name:email</arg>
<arg>${useremail}</arg>
<doc>Types the given ``text`` into the text field identified by ``locator``.</doc>
<msg timestamp="20220408 20:10:05.408" level="INFO">Typing text 'yash@gmail.com' into text field 'name:email'.</msg>
<status status="PASS" starttime="20220408 20:10:05.407" endtime="20220408 20:10:05.479"/>
</kw>
<kw name="Sleep" library="BuiltIn">
<arg>1s</arg>
<doc>Pauses the test executed for the given time.</doc>
<msg timestamp="20220408 20:10:06.490" level="INFO">Slept 1 second</msg>
<status status="PASS" starttime="20220408 20:10:05.480" endtime="20220408 20:10:06.490"/>
</kw>
<kw name="Input Text" library="SeleniumLibrary">
<arg>name:pass</arg>
<arg>${userpass}</arg>
<doc>Types the given ``text`` into the text field identified by ``locator``.</doc>
<msg timestamp="20220408 20:10:06.491" level="INFO">Typing text '123' into text field 'name:pass'.</msg>
<status status="PASS" starttime="20220408 20:10:06.491" endtime="20220408 20:10:06.545"/>
</kw>
<kw name="Sleep" library="BuiltIn">
<arg>1s</arg>
<doc>Pauses the test executed for the given time.</doc>
<msg timestamp="20220408 20:10:07.548" level="INFO">Slept 1 second</msg>
<status status="PASS" starttime="20220408 20:10:06.546" endtime="20220408 20:10:07.548"/>
</kw>
<kw name="Click Button" library="SeleniumLibrary">
<arg>xpath=//html/body/div/div/div/form/table/tbody/tr[3]/td[2]/button</arg>
<doc>Clicks the button identified by ``locator``.</doc>
<msg timestamp="20220408 20:10:07.550" level="INFO">Clicking button 'xpath=//html/body/div/div/div/form/table/tbody/tr[3]/td[2]/button'.</msg>
<status status="PASS" starttime="20220408 20:10:07.550" endtime="20220408 20:10:07.743"/>
</kw>
<kw name="Sleep" library="BuiltIn">
<arg>2s</arg>
<doc>Pauses the test executed for the given time.</doc>
<msg timestamp="20220408 20:10:09.745" level="INFO">Slept 2 seconds</msg>
<status status="PASS" starttime="20220408 20:10:07.744" endtime="20220408 20:10:09.745"/>
</kw>
<doc>user login</doc>
<tag>user</tag>
<status status="PASS" starttime="20220408 20:10:05.405" endtime="20220408 20:10:09.746"/>
</test>
<test id="s1-t9" name="user search test case" line="124">
<kw name="Click Element" library="SeleniumLibrary">
<arg>xpath=//html/body/nav/div/div/ul/li[1]/a</arg>
<doc>Click the element identified by ``locator``.</doc>
<msg timestamp="20220408 20:10:09.752" level="INFO">Clicking element 'xpath=//html/body/nav/div/div/ul/li[1]/a'.</msg>
<status status="PASS" starttime="20220408 20:10:09.751" endtime="20220408 20:10:09.821"/>
</kw>
<kw name="Input Text" library="SeleniumLibrary">
<arg>name:name</arg>
<arg>${usersearch}</arg>
<doc>Types the given ``text`` into the text field identified by ``locator``.</doc>
<msg timestamp="20220408 20:10:09.822" level="INFO">Typing text 'The Alchemist' into text field 'name:name'.</msg>
<status status="PASS" starttime="20220408 20:10:09.821" endtime="20220408 20:10:09.889"/>
</kw>
<kw name="Sleep" library="BuiltIn">
<arg>1s</arg>
<doc>Pauses the test executed for the given time.</doc>
<msg timestamp="20220408 20:10:10.900" level="INFO">Slept 1 second</msg>
<status status="PASS" starttime="20220408 20:10:09.889" endtime="20220408 20:10:10.900"/>
</kw>
<kw name="Click Button" library="SeleniumLibrary">
<arg>xpath=//html/body/div[1]/div/form/table/tbody/tr[2]/td[2]/button</arg>
<doc>Clicks the button identified by ``locator``.</doc>
<msg timestamp="20220408 20:10:10.900" level="INFO">Clicking button 'xpath=//html/body/div[1]/div/form/table/tbody/tr[2]/td[2]/button'.</msg>
<status status="PASS" starttime="20220408 20:10:10.900" endtime="20220408 20:10:10.981"/>
</kw>
<kw name="Sleep" library="BuiltIn">
<arg>3s</arg>
<doc>Pauses the test executed for the given time.</doc>
<msg timestamp="20220408 20:10:13.994" level="INFO">Slept 3 seconds</msg>
<status status="PASS" starttime="20220408 20:10:10.981" endtime="20220408 20:10:13.994"/>
</kw>
<doc>user search</doc>
<tag>user</tag>
<status status="PASS" starttime="20220408 20:10:09.750" endtime="20220408 20:10:13.995"/>
</test>
<test id="s1-t10" name="user viewall page test case" line="134">
<kw name="Click Element" library="SeleniumLibrary">
<arg>xpath=//html/body/nav/div/div/ul/li[2]/a</arg>
<doc>Click the element identified by ``locator``.</doc>
<msg timestamp="20220408 20:10:13.997" level="INFO">Clicking element 'xpath=//html/body/nav/div/div/ul/li[2]/a'.</msg>
<status status="PASS" starttime="20220408 20:10:13.997" endtime="20220408 20:10:14.060"/>
</kw>
<kw name="Sleep" library="BuiltIn">
<arg>2s</arg>
<doc>Pauses the test executed for the given time.</doc>
<msg timestamp="20220408 20:10:16.062" level="INFO">Slept 2 seconds</msg>
<status status="PASS" starttime="20220408 20:10:14.061" endtime="20220408 20:10:16.062"/>
</kw>
<doc>user viewall</doc>
<tag>user</tag>
<status status="PASS" starttime="20220408 20:10:13.996" endtime="20220408 20:10:16.064"/>
</test>
<test id="s1-t11" name="user logout test case" line="141">
<kw name="Click Element" library="SeleniumLibrary">
<arg>xpath=//html/body/nav/div/div/ul/li[3]/a</arg>
<doc>Click the element identified by ``locator``.</doc>
<msg timestamp="20220408 20:10:16.070" level="INFO">Clicking element 'xpath=//html/body/nav/div/div/ul/li[3]/a'.</msg>
<status status="PASS" starttime="20220408 20:10:16.069" endtime="20220408 20:10:16.156"/>
</kw>
<kw name="Sleep" library="BuiltIn">
<arg>2s</arg>
<doc>Pauses the test executed for the given time.</doc>
<msg timestamp="20220408 20:10:18.166" level="INFO">Slept 2 seconds</msg>
<status status="PASS" starttime="20220408 20:10:16.156" endtime="20220408 20:10:18.166"/>
</kw>
<kw name="Close Browser" library="SeleniumLibrary">
<doc>Closes the current browser.</doc>
<status status="PASS" starttime="20220408 20:10:18.168" endtime="20220408 20:10:20.311"/>
</kw>
<doc>user logout</doc>
<tag>user</tag>
<status status="PASS" starttime="20220408 20:10:16.067" endtime="20220408 20:10:20.312"/>
</test>
<status status="PASS" starttime="20220408 20:09:17.466" endtime="20220408 20:10:20.313"/>
</suite>
<statistics>
<total>
<stat pass="11" fail="0" skip="0">All Tests</stat>
</total>
<tag>
<stat pass="6" fail="0" skip="0">admin</stat>
<stat pass="5" fail="0" skip="0">user</stat>
</tag>
<suite>
<stat pass="11" fail="0" skip="0" id="s1" name="Book">Book</stat>
</suite>
</statistics>
<errors>
</errors>
</robot>
